This is pdfTeXk, Version 3.141592-1.40.3 (Web2C 7.5.6) (format=pdflatex 2008.2.29)  24 FEB 2012 14:04
entering extended mode
\write18 enabled.
 %&-line parsing enabled.
**paper.tex~
(./paper.tex
LaTeX2e <2005/12/01>
Babel <v3.8h> and hyphenation patterns for english, usenglishmax, dumylang, noh
yphenation, arabic, basque, bulgarian, coptic, welsh, czech, slovak, german, ng
erman, danish, esperanto, spanish, catalan, galician, estonian, farsi, finnish,
 french, greek, monogreek, ancientgreek, croatian, hungarian, interlingua, ibyc
us, indonesian, icelandic, italian, latin, mongolian, dutch, norsk, polish, por
tuguese, pinyin, romanian, russian, slovenian, uppersorbian, serbian, swedish, 
turkish, ukenglish, ukrainian, loaded.
(/usr/local/texlive/2007/texmf-dist/tex/latex/base/article.cls
Document Class: article 2005/09/16 v1.4f Standard LaTeX document class
(/usr/local/texlive/2007/texmf-dist/tex/latex/base/size10.clo
File: size10.clo 2005/09/16 v1.4f Standard LaTeX file (size option)
)
\c@part=\count79
\c@section=\count80
\c@subsection=\count81
\c@subsubsection=\count82
\c@paragraph=\count83
\c@subparagraph=\count84
\c@figure=\count85
\c@table=\count86
\abovecaptionskip=\skip41
\belowcaptionskip=\skip42
\bibindent=\dimen102
)
(/usr/local/texlive/2007/texmf-dist/tex/latex/preprint/fullpage.sty
Package: fullpage 1999/02/23 1.1 (PWD)
\FP@margin=\skip43
)
(/usr/local/texlive/2007/texmf-dist/tex/latex/graphics/graphicx.sty
Package: graphicx 1999/02/16 v1.0f Enhanced LaTeX Graphics (DPC,SPQR)

(/usr/local/texlive/2007/texmf-dist/tex/latex/graphics/keyval.sty
Package: keyval 1999/03/16 v1.13 key=value parser (DPC)
\KV@toks@=\toks14
)
(/usr/local/texlive/2007/texmf-dist/tex/latex/graphics/graphics.sty
Package: graphics 2006/02/20 v1.0o Standard LaTeX Graphics (DPC,SPQR)

(/usr/local/texlive/2007/texmf-dist/tex/latex/graphics/trig.sty
Package: trig 1999/03/16 v1.09 sin cos tan (DPC)
)
(/usr/local/texlive/2007/texmf/tex/latex/config/graphics.cfg
File: graphics.cfg 2007/01/18 v1.5 graphics configuration of teTeX/TeXLive
)
Package graphics Info: Driver file: pdftex.def on input line 90.

(/usr/local/texlive/2007/texmf-dist/tex/latex/pdftex-def/pdftex.def
File: pdftex.def 2007/01/08 v0.04d Graphics/color for pdfTeX
\Gread@gobject=\count87
))
\Gin@req@height=\dimen103
\Gin@req@width=\dimen104
)
(/usr/local/texlive/2007/texmf-dist/tex/latex/hyperref/hyperref.sty
Package: hyperref 2007/02/07 v6.75r Hypertext links for LaTeX
\@linkdim=\dimen105
\Hy@linkcounter=\count88
\Hy@pagecounter=\count89

(/usr/local/texlive/2007/texmf-dist/tex/latex/hyperref/pd1enc.def
File: pd1enc.def 2007/02/07 v6.75r Hyperref: PDFDocEncoding definition (HO)
)
(/usr/local/texlive/2007/texmf/tex/latex/config/hyperref.cfg
File: hyperref.cfg 2002/06/06 v1.2 hyperref configuration of TeXLive
)
(/usr/local/texlive/2007/texmf-dist/tex/latex/oberdiek/kvoptions.sty
Package: kvoptions 2006/08/22 v2.4 Connects package keyval with LaTeX options (
HO)
)
Package hyperref Info: Hyper figures OFF on input line 2288.
Package hyperref Info: Link nesting OFF on input line 2293.
Package hyperref Info: Hyper index ON on input line 2296.
Package hyperref Info: Plain pages OFF on input line 2303.
Package hyperref Info: Backreferencing OFF on input line 2308.

Implicit mode ON; LaTeX internals redefined
Package hyperref Info: Bookmarks ON on input line 2444.
(/usr/local/texlive/2007/texmf-dist/tex/latex/ltxmisc/url.sty
\Urlmuskip=\muskip10
Package: url 2005/06/27  ver 3.2  Verb mode for urls, etc.
)
LaTeX Info: Redefining \url on input line 2599.
\Fld@menulength=\count90
\Field@Width=\dimen106
\Fld@charsize=\dimen107
\Choice@toks=\toks15
\Field@toks=\toks16
Package hyperref Info: Hyper figures OFF on input line 3102.
Package hyperref Info: Link nesting OFF on input line 3107.
Package hyperref Info: Hyper index ON on input line 3110.
Package hyperref Info: backreferencing OFF on input line 3117.
Package hyperref Info: Link coloring OFF on input line 3122.
\Hy@abspage=\count91
\c@Item=\count92
\c@Hfootnote=\count93
)
*hyperref using default driver hpdftex*
(/usr/local/texlive/2007/texmf-dist/tex/latex/hyperref/hpdftex.def
File: hpdftex.def 2007/02/07 v6.75r Hyperref driver for pdfTeX
\Fld@listcount=\count94
)
(/usr/local/texlive/2007/texmf-dist/tex/latex/tools/verbatim.sty
Package: verbatim 2003/08/22 v1.5q LaTeX2e package for verbatim enhancements
\every@verbatim=\toks17
\verbatim@line=\toks18
\verbatim@in@stream=\read1
)
(/usr/local/texlive/2007/texmf-dist/tex/latex/caption/caption.sty
Package: caption 2007/01/07 v3.0k Customising captions (AR)

(/usr/local/texlive/2007/texmf-dist/tex/latex/caption/caption3.sty
Package: caption3 2007/01/07 v3.0k caption3 kernel (AR)
\captionmargin=\dimen108
\captionmarginx=\dimen109
\captionwidth=\dimen110
\captionindent=\dimen111
\captionparindent=\dimen112
\captionhangindent=\dimen113
)
Package caption Info: hyperref package v6.74m (or newer) detected on input line
 304.
)
(/usr/local/texlive/2007/texmf-dist/tex/latex/titlesec/titlesec.sty
Package: titlesec 2005/01/22 v2.6 Sectioning titles
\ttl@box=\box26
\beforetitleunit=\skip44
\aftertitleunit=\skip45
\ttl@plus=\dimen114
\ttl@minus=\dimen115
\titlewidth=\dimen116
\titlewidthlast=\dimen117
\titlewidthfirst=\dimen118
)
(/usr/local/texlive/2007/texmf-dist/tex/latex/natbib/natbib.sty
Package: natbib 2007/02/05 8.0 (PWD)
\bibhang=\skip46
\bibsep=\skip47
LaTeX Info: Redefining \cite on input line 602.
\c@NAT@ctr=\count95
)
(/usr/local/texlive/2007/texmf-dist/tex/latex/amsmath/amstext.sty
Package: amstext 2000/06/29 v2.01

(/usr/local/texlive/2007/texmf-dist/tex/latex/amsmath/amsgen.sty
File: amsgen.sty 1999/11/30 v2.0
\@emptytoks=\toks19
\ex@=\dimen119
))
(/usr/local/texlive/2007/texmf-dist/tex/latex/setspace/setspace.sty
Package: setspace 2000/12/01 6.7 Contributed and Supported LaTeX2e package

Package: `setspace' 6.7 <2000/12/01>
) (./paper.aux)
\openout1 = `paper.aux'.

LaTeX Font Info:    Checking defaults for OML/cmm/m/it on input line 20.
LaTeX Font Info:    ... okay on input line 20.
LaTeX Font Info:    Checking defaults for T1/cmr/m/n on input line 20.
LaTeX Font Info:    ... okay on input line 20.
LaTeX Font Info:    Checking defaults for OT1/cmr/m/n on input line 20.
LaTeX Font Info:    ... okay on input line 20.
LaTeX Font Info:    Checking defaults for OMS/cmsy/m/n on input line 20.
LaTeX Font Info:    ... okay on input line 20.
LaTeX Font Info:    Checking defaults for OMX/cmex/m/n on input line 20.
LaTeX Font Info:    ... okay on input line 20.
LaTeX Font Info:    Checking defaults for U/cmr/m/n on input line 20.
LaTeX Font Info:    ... okay on input line 20.
LaTeX Font Info:    Checking defaults for PD1/pdf/m/n on input line 20.
LaTeX Font Info:    ... okay on input line 20.
LaTeX Font Info:    Try loading font information for OT1+bch on input line 20.
 (/usr/local/texlive/2007/texmf-dist/tex/latex/psnfss/ot1bch.fd
File: ot1bch.fd 2004/10/18 font definitions for OT1/bch.
) (/usr/local/texlive/2007/texmf-dist/tex/context/base/supp-pdf.tex
[Loading MPS to PDF converter (version 2006.09.02).]
\scratchcounter=\count96
\scratchdimen=\dimen120
\scratchbox=\box27
\nofMPsegments=\count97
\nofMParguments=\count98
\MPscratchCnt=\count99
\MPscratchDim=\dimen121
\MPnumerator=\count100
\everyMPtoPDFconversion=\toks20
)
Package hyperref Info: Link coloring OFF on input line 20.
 (/usr/local/texlive/2007/texmf-dist/tex/latex/hyperref/nameref.sty
Package: nameref 2006/12/27 v2.28 Cross-referencing by name of section

(/usr/local/texlive/2007/texmf-dist/tex/latex/oberdiek/refcount.sty
Package: refcount 2006/02/20 v3.0 Data extraction from references (HO)
)
\c@section@level=\count101
)
LaTeX Info: Redefining \ref on input line 20.
LaTeX Info: Redefining \pageref on input line 20.

(./paper.out) (./paper.out)
\@outlinefile=\write3
\openout3 = `paper.out'.


(/usr/local/texlive/2007/texmf-dist/tex/latex/ragged2e/ragged2e.sty
Package: ragged2e 2003/03/25 v2.04 ragged2e Package (MS)

(/usr/local/texlive/2007/texmf-dist/tex/latex/everysel/everysel.sty
Package: everysel 1999/06/08 v1.03 EverySelectfont Package (MS)
LaTeX Info: Redefining \selectfont on input line 125.
)
\CenteringLeftskip=\skip48
\RaggedLeftLeftskip=\skip49
\RaggedRightLeftskip=\skip50
\CenteringRightskip=\skip51
\RaggedLeftRightskip=\skip52
\RaggedRightRightskip=\skip53
\CenteringParfillskip=\skip54
\RaggedLeftParfillskip=\skip55
\RaggedRightParfillskip=\skip56
\JustifyingParfillskip=\skip57
\CenteringParindent=\skip58
\RaggedLeftParindent=\skip59
\RaggedRightParindent=\skip60
\JustifyingParindent=\skip61
)
LaTeX Font Info:    External font `cmex10' loaded for size
(Font)              <12> on input line 60.
LaTeX Font Info:    External font `cmex10' loaded for size
(Font)              <8> on input line 60.
LaTeX Font Info:    External font `cmex10' loaded for size
(Font)              <6> on input line 60.
LaTeX Font Info:    Font shape `OT1/bch/bx/n' in size <9> not available
(Font)              Font shape `OT1/bch/b/n' tried instead on input line 61.
LaTeX Font Info:    Font shape `OT1/bch/bx/n' in size <10> not available
(Font)              Font shape `OT1/bch/b/n' tried instead on input line 69.
LaTeX Font Info:    Font shape `OT1/bch/bx/n' in size <12> not available
(Font)              Font shape `OT1/bch/b/n' tried instead on input line 69.
 [1

{/usr/local/texlive/2007/texmf-var/fonts/map/pdftex/updmap/pdftex.map}]
<images/nasa-colored-map.png, id=76, 5420.25pt x 3011.25pt>
File: images/nasa-colored-map.png Graphic file (type png)

<use images/nasa-colored-map.png>
<images/nasa-deseas-glyph.png, id=77, 1634.105pt x 1742.51pt>
File: images/nasa-deseas-glyph.png Graphic file (type png)

<use images/nasa-deseas-glyph.png> [2] [3 <./images/nasa-colored-map.png> <./im
ages/nasa-deseas-glyph.png>]
<images/euclid-to-polar-1.pdf, id=111, 482.80376pt x 169.63374pt>
File: images/euclid-to-polar-1.pdf Graphic file (type pdf)

<use images/euclid-to-polar-1.pdf>
<images/euclid-to-polar-2.pdf, id=112, 482.80376pt x 169.63374pt>
File: images/euclid-to-polar-2.pdf Graphic file (type pdf)

<use images/euclid-to-polar-2.pdf>
LaTeX Font Info:    External font `cmex10' loaded for size
(Font)              <7> on input line 123.
LaTeX Font Info:    External font `cmex10' loaded for size
(Font)              <5> on input line 123.
 [4 <./images/euclid-to-polar-1.pdf> <./images/euclid-to-polar-2.pdf>] [5] [6]

pdfTeX warning: /usr/texbin/pdflatex (file ./images/ref-line.pdf): PDF inclusio
n: found PDF version <1.5>, but at most version <1.4> allowed
<images/ref-line.pdf, id=210, 433.62pt x 433.62pt>
File: images/ref-line.pdf Graphic file (type pdf)
 <use images/ref-line.pdf>

pdfTeX warning: /usr/texbin/pdflatex (file ./images/ref-box.pdf): PDF inclusion
: found PDF version <1.5>, but at most version <1.4> allowed
<images/ref-box.pdf, id=211, 433.62pt x 433.62pt>
File: images/ref-box.pdf Graphic file (type pdf)
 <use images/ref-box.pdf>
[7 <./images/ref-line.pdf> <./images/ref-box.pdf>]
<images/month-rescale-none.png, id=229, 1204.5pt x 1204.5pt>
File: images/month-rescale-none.png Graphic file (type png)

<use images/month-rescale-none.png>
<images/month-rescale01.png, id=230, 1204.5pt x 1204.5pt>
File: images/month-rescale01.png Graphic file (type png)

<use images/month-rescale01.png>
LaTeX Font Info:    Try loading font information for OMS+bch on input line 277.


(/usr/local/texlive/2007/texmf-dist/tex/latex/psnfss/omsbch.fd
File: omsbch.fd 
)
LaTeX Font Info:    Font shape `OMS/bch/m/n' in size <10> not available
(Font)              Font shape `OMS/cmsy/m/n' tried instead on input line 277.
 [8 <./images/month-rescale-none.png> <./images/month-rescale01.png>]
<images/month-rescale01-col.png, id=240, 1204.5pt x 1204.5pt>
File: images/month-rescale01-col.png Graphic file (type png)

<use images/month-rescale01-col.png>
<images/month-rescale01-fill.png, id=241, 1204.5pt x 1204.5pt>
File: images/month-rescale01-fill.png Graphic file (type png)

<use images/month-rescale01-fill.png>
LaTeX Font Info:    External font `cmex10' loaded for size
(Font)              <9> on input line 297.
 [9 <./images/month-rescale01-col.png> <./images/month-rescale01-fill.png>]
<images/gistemp-polar-raw.png, id=252, 2409.0pt x 1204.5pt>
File: images/gistemp-polar-raw.png Graphic file (type png)

<use images/gistemp-polar-raw.png> [10 <./images/gistemp-polar-raw.png>]
<images/gistemp-pred.png, id=259, 2409.0pt x 1204.5pt>
File: images/gistemp-pred.png Graphic file (type png)

<use images/gistemp-pred.png> [11 <./images/gistemp-pred.png>]
<images/usa-lin-overlap.png, id=267, 2409.0pt x 1355.0625pt>
File: images/usa-lin-overlap.png Graphic file (type png)

<use images/usa-lin-overlap.png> [12 <./images/usa-lin-overlap.png>]
<images/usa-season-collapsed.png, id=275, 2409.0pt x 1355.0625pt>
File: images/usa-season-collapsed.png Graphic file (type png)

<use images/usa-season-collapsed.png>
<images/usa-lin-collapse.png, id=276, 2409.0pt x 1355.0625pt>
File: images/usa-lin-collapse.png Graphic file (type png)

<use images/usa-lin-collapse.png>
<images/usa-season-grid.png, id=278, 2409.0pt x 1355.0625pt>
File: images/usa-season-grid.png Graphic file (type png)

<use images/usa-season-grid.png>
<images/usa-lin-grid.png, id=279, 2409.0pt x 1355.0625pt>
File: images/usa-lin-grid.png Graphic file (type png)

<use images/usa-lin-grid.png>
<images/nasa-scat-glyph.png, id=280, 1634.105pt x 1742.51pt>
File: images/nasa-scat-glyph.png Graphic file (type png)

<use images/nasa-scat-glyph.png>
<images/nasa-loess-glyph.png, id=281, 1634.105pt x 1742.51pt>
File: images/nasa-loess-glyph.png Graphic file (type png)

<use images/nasa-loess-glyph.png> [13] [14 <./images/usa-season-collapsed.png> 
<./images/usa-lin-collapse.png>] [15 <./images/usa-season-grid.png> <./images/u
sa-lin-grid.png> <./images/nasa-scat-glyph.png> <./images/nasa-loess-glyph.png>
] (./paper.bbl [16] [17]
Missing character: There is no ä in font bchr7t!
) [18] (./paper.aux) ) 
Here is how much of TeX's memory you used:
 4136 strings out of 94073
 60940 string characters out of 1162984
 114764 words of memory out of 1500000
 7284 multiletter control sequences out of 10000+50000
 24336 words of font info for 46 fonts, out of 1200000 for 2000
 645 hyphenation exceptions out of 8191
 38i,9n,38p,1218b,432s stack positions out of 5000i,500n,6000p,200000b,5000s
{/usr/local/texlive/2007/texmf-dist/fonts/enc/dvips/base/
8r.enc}</usr/local/texlive/2007/texmf-dist/fonts/type1/bitstrea/charter/bchb8a.
pfb></usr/local/texlive/2007/texmf-dist/fonts/type1/bitstrea/charter/bchr8a.pfb
></usr/local/texlive/2007/texmf-dist/fonts/type1/bitstrea/charter/bchri8a.pfb><
/usr/local/texlive/2007/texmf-dist/fonts/type1/bluesky/cm/cmmi10.pfb></usr/loca
l/texlive/2007/texmf-dist/fonts/type1/bluesky/cm/cmmi7.pfb></usr/local/texlive/
2007/texmf-dist/fonts/type1/bluesky/cm/cmmi9.pfb></usr/local/texlive/2007/texmf
-dist/fonts/type1/bluesky/cm/cmr10.pfb></usr/local/texlive/2007/texmf-dist/font
s/type1/bluesky/cm/cmr7.pfb></usr/local/texlive/2007/texmf-dist/fonts/type1/blu
esky/cm/cmr8.pfb></usr/local/texlive/2007/texmf-dist/fonts/type1/bluesky/cm/cmr
9.pfb></usr/local/texlive/2007/texmf-dist/fonts/type1/bluesky/cm/cmsy10.pfb></u
sr/local/texlive/2007/texmf-dist/fonts/type1/bluesky/cm/cmsy7.pfb></usr/local/t
exlive/2007/texmf-dist/fonts/type1/bluesky/cm/cmtt10.pfb>
Output written on paper.pdf (18 pages, 10152699 bytes).
PDF statistics:
 385 PDF objects out of 1000 (max. 8388607)
 71 named destinations out of 1000 (max. 131072)
 200 words of extra memory for PDF output out of 10000 (max. 10000000)

